build/app/intermediates/manifest_merge_blame_file/debug/manifest-merger-blame-debug-report.txt
1<?xml version="1.0" encoding="utf-8"?>
2<manifest xmlns:android="http://schemas.android.com/apk/res/android"
3    package="com.example.vivo3"
4    android:versionCode="1"
5    android:versionName="1.0.0" >
6
7    <uses-sdk
8        android:minSdkVersion="21"
9        android:targetSdkVersion="35" />
10    <!--
11         The INTERNET permission is required for development. Specifically,
12         the Flutter tool needs it to communicate with the running application
13         to allow setting breakpoints, to provide hot reload, etc.
14    -->
15    <uses-permission android:name="android.permission.INTERNET" />
15-->src\debug\AndroidManifest.xml:6:5-66
15-->src\debug\AndroidManifest.xml:6:22-64
16    <!-- Tambahkan izin untuk notifikasi -->
17    <uses-permission android:name="android.permission.POST_NOTIFICATIONS" />
17-->src\main\AndroidManifest.xml:3:5-77
17-->src\main\AndroidManifest.xml:3:22-74
18    <!--
19 Required to query activities that can process text, see:
20         https://developer.android.com/training/package-visibility and
21         https://developer.android.com/reference/android/content/Intent#ACTION_PROCESS_TEXT.
22
23         In particular, this is used by the Flutter engine in io.flutter.plugin.text.ProcessTextPlugin.
24    -->
25    <queries>
25-->src\main\AndroidManifest.xml:41:5-46:15
26        <intent>
26-->src\main\AndroidManifest.xml:42:9-45:18
27            <action android:name="android.intent.action.PROCESS_TEXT" />
27-->src\main\AndroidManifest.xml:43:13-72
27-->src\main\AndroidManifest.xml:43:21-70
28
29            <data android:mimeType="text/plain" />
29-->src\main\AndroidManifest.xml:44:13-50
29-->src\main\AndroidManifest.xml:44:19-48
30        </intent>
31    </queries> <!-- Although the *SdkVersion is captured in gradle build files, this is required for non gradle builds -->
32    <!-- <uses-sdk android:minSdkVersion="21"/> -->
33    <uses-permission android:name="android.permission.ACCESS_NETWORK_STATE" />
33-->[com.google.firebase:firebase-database:21.0.0] AndroidManifest.xml:22:5-79
33-->[com.google.firebase:firebase-database:21.0.0] AndroidManifest.xml:22:22-76
34
35    <permission
35-->[androidx.core:core:1.13.1] AndroidManifest.xml:22:5-24:47
36        android:name="com.example.vivo3.DYNAMIC_RECEIVER_NOT_EXPORTED_PERMISSION"
36-->[androidx.core:core:1.13.1] AndroidManifest.xml:23:9-81
37        android:protectionLevel="signature" />
37-->[androidx.core:core:1.13.1] AndroidManifest.xml:24:9-44
38
39    <uses-permission android:name="com.example.vivo3.DYNAMIC_RECEIVER_NOT_EXPORTED_PERMISSION" />
39-->[androidx.core:core:1.13.1] AndroidManifest.xml:26:5-97
39-->[androidx.core:core:1.13.1] AndroidManifest.xml:26:22-94
40
41    <application
42        android:name="android.app.Application"
43        android:appComponentFactory="androidx.core.app.CoreComponentFactory"
43-->[androidx.core:core:1.13.1] AndroidManifest.xml:28:18-86
44        android:debuggable="true"
45        android:extractNativeLibs="true"
46        android:icon="@mipmap/ic_launcher"
47        android:label="vivo3" >
48        <activity
49            android:name="com.example.vivo3.MainActivity"
50            android:configChanges="orientation|keyboardHidden|keyboard|screenSize|smallestScreenSize|locale|layoutDirection|fontScale|screenLayout|density|uiMode"
51            android:exported="true"
52            android:hardwareAccelerated="true"
53            android:launchMode="singleTop"
54            android:taskAffinity=""
55            android:theme="@style/LaunchTheme"
56            android:windowSoftInputMode="adjustResize" >
57
58            <!--
59                 Specifies an Android theme to apply to this Activity as soon as
60                 the Android process has started. This theme is visible to the user
61                 while the Flutter UI initializes. After that, this theme continues
62                 to determine the Window background behind the Flutter UI.
63            -->
64            <meta-data
65                android:name="io.flutter.embedding.android.NormalTheme"
66                android:resource="@style/NormalTheme" />
67
68            <intent-filter>
69                <action android:name="android.intent.action.MAIN" />
70
71                <category android:name="android.intent.category.LAUNCHER" />
72            </intent-filter>
73        </activity>
74        <!--
75             Don't delete the meta-data below.
76             This is used by the Flutter tool to generate GeneratedPluginRegistrant.java
77        -->
78        <meta-data
79            android:name="flutterEmbedding"
80            android:value="2" />
81
82        <service
82-->[:firebase_database] AndroidManifest.xml:8:9-12:19
83            android:name="com.google.firebase.components.ComponentDiscoveryService"
83-->[:firebase_database] AndroidManifest.xml:8:18-89
84            android:directBootAware="true"
84-->[com.google.firebase:firebase-common:21.0.0] AndroidManifest.xml:32:13-43
85            android:exported="false" >
85-->[com.google.firebase:firebase-database:21.0.0] AndroidManifest.xml:28:13-37
86            <meta-data
86-->[:firebase_database] AndroidManifest.xml:9:13-11:85
87                android:name="com.google.firebase.components:io.flutter.plugins.firebase.database.FlutterFirebaseAppRegistrar"
87-->[:firebase_database] AndroidManifest.xml:10:17-127
88                android:value="com.google.firebase.components.ComponentRegistrar" />
88-->[:firebase_database] AndroidManifest.xml:11:17-82
89            <meta-data
89-->[:firebase_core] AndroidManifest.xml:9:13-11:85
90                android:name="com.google.firebase.components:io.flutter.plugins.firebase.core.FlutterFirebaseCoreRegistrar"
90-->[:firebase_core] AndroidManifest.xml:10:17-124
91                android:value="com.google.firebase.components.ComponentRegistrar" />
91-->[:firebase_core] AndroidManifest.xml:11:17-82
92            <meta-data
92-->[com.google.firebase:firebase-database:21.0.0] AndroidManifest.xml:29:13-31:85
93                android:name="com.google.firebase.components:com.google.firebase.database.FirebaseDatabaseKtxRegistrar"
93-->[com.google.firebase:firebase-database:21.0.0] AndroidManifest.xml:30:17-120
94                android:value="com.google.firebase.components.ComponentRegistrar" />
94-->[com.google.firebase:firebase-database:21.0.0] AndroidManifest.xml:31:17-82
95            <meta-data
95-->[com.google.firebase:firebase-database:21.0.0] AndroidManifest.xml:32:13-34:85
96                android:name="com.google.firebase.components:com.google.firebase.database.DatabaseRegistrar"
96-->[com.google.firebase:firebase-database:21.0.0] AndroidManifest.xml:33:17-109
97                android:value="com.google.firebase.components.ComponentRegistrar" />
97-->[com.google.firebase:firebase-database:21.0.0] AndroidManifest.xml:34:17-82
98            <meta-data
98-->[com.google.firebase:firebase-common-ktx:21.0.0] AndroidManifest.xml:12:13-14:85
99                android:name="com.google.firebase.components:com.google.firebase.ktx.FirebaseCommonLegacyRegistrar"
99-->[com.google.firebase:firebase-common-ktx:21.0.0] AndroidManifest.xml:13:17-116
100                android:value="com.google.firebase.components.ComponentRegistrar" />
100-->[com.google.firebase:firebase-common-ktx:21.0.0] AndroidManifest.xml:14:17-82
101            <meta-data
101-->[com.google.firebase:firebase-common:21.0.0] AndroidManifest.xml:35:13-37:85
102                android:name="com.google.firebase.components:com.google.firebase.FirebaseCommonKtxRegistrar"
102-->[com.google.firebase:firebase-common:21.0.0] AndroidManifest.xml:36:17-109
103                android:value="com.google.firebase.components.ComponentRegistrar" />
103-->[com.google.firebase:firebase-common:21.0.0] AndroidManifest.xml:37:17-82
104        </service>
105
106        <provider
106-->[com.google.firebase:firebase-common:21.0.0] AndroidManifest.xml:23:9-28:39
107            android:name="com.google.firebase.provider.FirebaseInitProvider"
107-->[com.google.firebase:firebase-common:21.0.0] AndroidManifest.xml:24:13-77
108            android:authorities="com.example.vivo3.firebaseinitprovider"
108-->[com.google.firebase:firebase-common:21.0.0] AndroidManifest.xml:25:13-72
109            android:directBootAware="true"
109-->[com.google.firebase:firebase-common:21.0.0] AndroidManifest.xml:26:13-43
110            android:exported="false"
110-->[com.google.firebase:firebase-common:21.0.0] AndroidManifest.xml:27:13-37
111            android:initOrder="100" />
111-->[com.google.firebase:firebase-common:21.0.0] AndroidManifest.xml:28:13-36
112
113        <activity
113-->[com.google.android.gms:play-services-base:18.1.0] AndroidManifest.xml:20:9-22:45
114            android:name="com.google.android.gms.common.api.GoogleApiActivity"
114-->[com.google.android.gms:play-services-base:18.1.0] AndroidManifest.xml:20:19-85
115            android:exported="false"
115-->[com.google.android.gms:play-services-base:18.1.0] AndroidManifest.xml:22:19-43
116            android:theme="@android:style/Theme.Translucent.NoTitleBar" />
116-->[com.google.android.gms:play-services-base:18.1.0] AndroidManifest.xml:21:19-78
117
118        <uses-library
118-->[androidx.window:window:1.2.0] AndroidManifest.xml:23:9-25:40
119            android:name="androidx.window.extensions"
119-->[androidx.window:window:1.2.0] AndroidManifest.xml:24:13-54
120            android:required="false" />
120-->[androidx.window:window:1.2.0] AndroidManifest.xml:25:13-37
121        <uses-library
121-->[androidx.window:window:1.2.0] AndroidManifest.xml:26:9-28:40
122            android:name="androidx.window.sidecar"
122-->[androidx.window:window:1.2.0] AndroidManifest.xml:27:13-51
123            android:required="false" />
123-->[androidx.window:window:1.2.0] AndroidManifest.xml:28:13-37
124
125        <meta-data
125-->[com.google.android.gms:play-services-basement:18.3.0] AndroidManifest.xml:21:9-23:69
126            android:name="com.google.android.gms.version"
126-->[com.google.android.gms:play-services-basement:18.3.0] AndroidManifest.xml:22:13-58
127            android:value="@integer/google_play_services_version" />
127-->[com.google.android.gms:play-services-basement:18.3.0] AndroidManifest.xml:23:13-66
128
129        <provider
129-->[androidx.lifecycle:lifecycle-process:2.7.0] AndroidManifest.xml:24:9-32:20
130            android:name="androidx.startup.InitializationProvider"
130-->[androidx.lifecycle:lifecycle-process:2.7.0] AndroidManifest.xml:25:13-67
131            android:authorities="com.example.vivo3.androidx-startup"
131-->[androidx.lifecycle:lifecycle-process:2.7.0] AndroidManifest.xml:26:13-68
132            android:exported="false" >
132-->[androidx.lifecycle:lifecycle-process:2.7.0] AndroidManifest.xml:27:13-37
133            <meta-data
133-->[androidx.lifecycle:lifecycle-process:2.7.0] AndroidManifest.xml:29:13-31:52
134                android:name="androidx.lifecycle.ProcessLifecycleInitializer"
134-->[androidx.lifecycle:lifecycle-process:2.7.0] AndroidManifest.xml:30:17-78
135                android:value="androidx.startup" />
135-->[androidx.lifecycle:lifecycle-process:2.7.0] AndroidManifest.xml:31:17-49
136            <meta-data
136-->[androidx.profileinstaller:profileinstaller:1.3.1] AndroidManifest.xml:29:13-31:52
137                android:name="androidx.profileinstaller.ProfileInstallerInitializer"
137-->[androidx.profileinstaller:profileinstaller:1.3.1] AndroidManifest.xml:30:17-85
138                android:value="androidx.startup" />
138-->[androidx.profileinstaller:profileinstaller:1.3.1] AndroidManifest.xml:31:17-49
139        </provider>
140
141        <receiver
141-->[androidx.profileinstaller:profileinstaller:1.3.1] AndroidManifest.xml:34:9-52:20
142            android:name="androidx.profileinstaller.ProfileInstallReceiver"
142-->[androidx.profileinstaller:profileinstaller:1.3.1] AndroidManifest.xml:35:13-76
143            android:directBootAware="false"
143-->[androidx.profileinstaller:profileinstaller:1.3.1] AndroidManifest.xml:36:13-44
144            android:enabled="true"
144-->[androidx.profileinstaller:profileinstaller:1.3.1] AndroidManifest.xml:37:13-35
145            android:exported="true"
145-->[androidx.profileinstaller:profileinstaller:1.3.1] AndroidManifest.xml:38:13-36
146            android:permission="android.permission.DUMP" >
146-->[androidx.profileinstaller:profileinstaller:1.3.1] AndroidManifest.xml:39:13-57
147            <intent-filter>
147-->[androidx.profileinstaller:profileinstaller:1.3.1] AndroidManifest.xml:40:13-42:29
148                <action android:name="androidx.profileinstaller.action.INSTALL_PROFILE" />
148-->[androidx.profileinstaller:profileinstaller:1.3.1] AndroidManifest.xml:41:17-91
148-->[androidx.profileinstaller:profileinstaller:1.3.1] AndroidManifest.xml:41:25-88
149            </intent-filter>
150            <intent-filter>
150-->[androidx.profileinstaller:profileinstaller:1.3.1] AndroidManifest.xml:43:13-45:29
151                <action android:name="androidx.profileinstaller.action.SKIP_FILE" />
151-->[androidx.profileinstaller:profileinstaller:1.3.1] AndroidManifest.xml:44:17-85
151-->[androidx.profileinstaller:profileinstaller:1.3.1] AndroidManifest.xml:44:25-82
152            </intent-filter>
153            <intent-filter>
153-->[androidx.profileinstaller:profileinstaller:1.3.1] AndroidManifest.xml:46:13-48:29
154                <action android:name="androidx.profileinstaller.action.SAVE_PROFILE" />
154-->[androidx.profileinstaller:profileinstaller:1.3.1] AndroidManifest.xml:47:17-88
154-->[androidx.profileinstaller:profileinstaller:1.3.1] AndroidManifest.xml:47:25-85
155            </intent-filter>
156            <intent-filter>
156-->[androidx.profileinstaller:profileinstaller:1.3.1] AndroidManifest.xml:49:13-51:29
157                <action android:name="androidx.profileinstaller.action.BENCHMARK_OPERATION" />
157-->[androidx.profileinstaller:profileinstaller:1.3.1] AndroidManifest.xml:50:17-95
157-->[androidx.profileinstaller:profileinstaller:1.3.1] AndroidManifest.xml:50:25-92
158            </intent-filter>
159        </receiver>
160    </application>
161
162</manifest>